<?xml version="1.0" encoding="UTF-8" standalone="no"?>
<window xmlns="http://schemas.haulmont.com/cuba/screen/window.xsd"
        xmlns:c="http://schemas.haulmont.com/cuba/screen/jpql_condition.xsd"
        caption="msg://testDriveBrowse.caption"
        focusComponent="testDrivesTable"
        messagesPack="com.company.lab6_cuba.web.screens.testdrive">
    <data readOnly="true">
        <collection id="testDrivesDc"
                    class="com.company.lab6_cuba.entity.TestDrive">
            <view extends="_local">
                <property name="car" view="_minimal">
                    <property name="model"/>
                </property>
                <property name="endDate"/>
            </view>
            <loader id="testDrivesDl">
                <query>
                    <![CDATA[select e from lab6cuba_TestDrive e]]>
                </query>
            </loader>
        </collection>
    </data>
    <dialogMode height="600"
                width="800"/>
    <layout expand="testDrivesTable"
            spacing="true">
        <filter id="filter"
                applyTo="testDrivesTable"
                dataLoader="testDrivesDl">
            <properties include=".*"/>
        </filter>
        <groupTable id="testDrivesTable"
                    width="100%"
                    dataContainer="testDrivesDc">
            <actions>
                <action id="create" type="create"/>
                <action id="edit" type="edit"/>
                <action id="remove" type="remove"/>
            </actions>
            <columns>
                <column id="name"/>
                <column id="startDate"/>
                <column id="duration"/>
                <column id="car"/>
                <column id="approved"/>
                <column id="endDate"/>
            </columns>
            <rowsCount/>
            <buttonsPanel id="buttonsPanel"
                          alwaysVisible="true">
                <button id="createBtn" action="testDrivesTable.create"/>
                <button id="editBtn" action="testDrivesTable.edit"/>
                <button id="removeBtn" action="testDrivesTable.remove"/>
            </buttonsPanel>
        </groupTable>
        <hbox id="lookupActions" spacing="true" visible="false">
            <button action="lookupSelectAction"/>
            <button action="lookupCancelAction"/>
        </hbox>
    </layout>
</window>
