<?xml version="1.0" encoding="UTF-8" standalone="no"?>
<window xmlns="http://schemas.haulmont.com/cuba/screen/window.xsd"
        caption="msg://testDriveEdit.caption"
        focusComponent="form"
        messagesPack="com.company.lab6_cuba.web.screens.testdrive">
    <data>
        <instance id="testDriveDc"
                  class="com.company.lab6_cuba.entity.TestDrive">
            <view extends="_local">
                <property name="car" view="_minimal">
                    <property name="model"/>
                </property>
                <property name="endDate"/>
            </view>
            <loader/>
        </instance>
    </data>
    <dialogMode height="600"
                width="800"/>
    <layout expand="editActions" spacing="true">
        <form id="form" dataContainer="testDriveDc">
            <column width="350px">
                <textField id="nameField" property="name"/>
                <dateField id="startDateField" property="startDate"/>
                <textField id="durationField" property="duration"/>
                <pickerField id="carField" property="car">
                    <actions>
                        <action id="lookup" type="picker_lookup"/>
                        <action id="clear" type="picker_clear"/>
                    </actions>
                </pickerField>
                <checkBox id="approvedField" property="approved"/>
                <dateField id="endDateField" property="endDate"/>
            </column>
        </form>
        <hbox id="editActions" spacing="true">
            <button id="commitAndCloseBtn" action="windowCommitAndClose"/>
            <button id="closeBtn" action="windowClose"/>
        </hbox>
    </layout>
</window>
